
ROM used: 7182 (5%)
          7186 (5%) including unused fragments

          2 Average locations per line
          11 Average locations per statement

RAM used: 1227 (33%) at main() level
          1250 (33%) worst case

Stack used: 3 worst case (out of 31 total available)

Lines Stmts  %   Files
----- ----- ---  -----
  156    82  13  analog_project.c
   76     0   0  EMm47J53_StackConfig.h
  704     0   0  C:\Program Files (x86)\PICC\devices\18F47J53.h
  404   132  21  GLCD_128x64_KS0108.c
  540   163  26  C:\Program Files (x86)\PICC\drivers\graphics.c
 2220   257  41  C:\Program Files (x86)\PICC\drivers\math.h
   72     0   0  lobo.h
----- -----
 4172   634 Total

Page ROM  %  RAM   Vol Diff  Functions:
---- --- --- ---   --- ----  ----------
0     42   0   1             @delay_ms1
0     38   0   1             @delay_us1
0    170   1   1   580  3.2  glcd_init
0    184   1   7   624  5.5  glcd_update
0    188   1   9   491  8.4  glcd_pixel
0     90   1  10   335  5.0  glcd_fillScreen
0    214   1   3  1551  3.4  glcd_writeByte
0    276   2   0             @const147
0    240   2   0             @const150
0    314   2  17  1519  9.2  glcd_line
0    424   3  20  1595 11.3  glcd_text57
0    124   1  10             @FLT
0     62   0   4             @SFTOI
0     56   0   2             @ITOF
0    246   2  11             @MULFF
0    634   4  16             @ADDFF
0    350   2  14             @DIVFF
0   1042   7   0             @const359
0    238   2  16   505  4.8  PrintLogo
0   1418  10  14  3735  9.3  MAIN
0     18   0   0             @const371
0     32   0   1             @SPRINTF
0     40   0   3             @PSTRINGC_373
0     14   0   0             @const376
0     12   0   0             @const377
0     18   0   0             @const378
0     46   0   3             @DIV88
0     68   0   5             @FTOSD
0    148   1  13             @DIV3232
0    432   3  13             @PRINTF_L32D_373FPFPF

Program metrics:
    Functions               9
    Statements              634
    Comments                868
    Volume (V)              15580
    Difficilty (D)          57.9
    Effort to implement (E) 902167
    Time to implement (T)   13 hours, 55 minutes
    Est Delivered Bugs (B)  3
    Cyclomatic Complexity   40
    Maintainability (MI)    86

 Segment     Used  Free
-----------  ----  ----
00000-00FFE     0  4096  
01000-01006     4  4  
01008-0FFFE  7178  54254  
10000-1FFF6     0  65528  



