
ROM used: 3762 (3%)
          3766 (3%) including unused fragments

          1 Average locations per line
          7 Average locations per statement

RAM used: 1074 (29%) at main() level
          1099 (29%) worst case

Stack used: 3 worst case (out of 31 total available)

Lines Stmts  %   Files
----- ----- ---  -----
   79    25   4  Ejemplo_LCD_GRAFICO_v3.c
   76     0   0  EMm47J53_StackConfig.h
  704     0   0  C:\Program Files (x86)\PICC\devices\18F47J53.h
  404   132  23  GLCD_128x64_KS0108.c
  540   163  28  C:\Program Files (x86)\PICC\drivers\graphics.c
 2220   257  45  C:\Program Files (x86)\PICC\drivers\math.h
   72     0   0  amor.h
----- -----
 4095   577 Total

Page ROM  %  RAM   Vol Diff  Functions:
---- --- --- ---   --- ----  ----------
0     44   1   1             @delay_ms1
0    170   2   1   580  3.2  glcd_init
0    184   2   7   624  5.5  glcd_update
0    188   2   9   491  8.4  glcd_pixel
0     90   1  10   335  5.0  glcd_fillScreen
0    214   3   3  1551  3.4  glcd_writeByte
0    276   4   0             @const134
0    240   3   0             @const137
0    316   4  17  1519  9.2  glcd_line
0    426   6  20  1595 11.3  glcd_text57
0   1042  14   0             @const346
0    238   3  16   505  4.8  PrintLogo
0    246   3   2   478  3.7  MAIN
0      8   0   0             @const357
0     34   0   1             @SPRINTF
0     42   1   3             @PSTRINGC_359

Program metrics:
    Functions               9
    Statements              577
    Comments                840
    Volume (V)              11336
    Difficilty (D)          53.6
    Effort to implement (E) 607565
    Time to implement (T)   9 hours, 23 minutes
    Est Delivered Bugs (B)  2
    Cyclomatic Complexity   38
    Maintainability (MI)    99

 Segment     Used  Free
-----------  ----  ----
00000-00FFE     0  4096  
01000-01006     4  4  
01008-0FFFE  3758  57674  
10000-1FFF6     0  65528  



