
ROM used: 928 (1%)
          932 (1%) including unused fragments

          1 Average locations per line
          12 Average locations per statement

RAM used: 7 (0%) at main() level
          22 (1%) worst case

Stack used: 6 worst case (out of 31 total available)

Lines Stmts  %   Files
----- ----- ---  -----
   82    30  40  lcd1.c
   76     0   0  EMm47J53_StackConfig.h
  704     0   0  C:\Program Files (x86)\PICC\devices\18F47J53.h
  237    45  60  flex_lcd.c
----- -----
 1099    75 Total

Page ROM  %  RAM   Vol Diff  Functions:
---- --- --- ---   --- ----  ----------
0     40   2   1             @delay_ms1
0     24   1   0             @const102
0     70   4   1   326  2.8  lcd_send_nibble
0     60   3   3   235  3.8  lcd_send_byte
0     80   4   2   380  4.7  lcd_init
0     34   2   4   186  5.5  lcd_gotoxy
0     68   4   1   272  4.1  lcd_putc
0    276  15   1   524  3.7  MAIN
0     18   1   0             @const126
0     40   2   3             @PSTRINGC_115
0     16   1   0             @const128
0      2   0   0             @const129
0     16   1   0             @const130
0      6   0   0             @const131
0      2   0   0             @const132
0      2   0   0             @const133
0     40   2   3             @DIV88
0    120   6   5   335  4.0  valor_lcd
0     10   1   0             @const140

Program metrics:
    Functions               7
    Statements              75
    Comments                267
    Volume (V)              3474
    Difficilty (D)          26.9
    Effort to implement (E) 93507
    Time to implement (T)   1 hours, 27 minutes
    Est Delivered Bugs (B)  1
    Cyclomatic Complexity   9
    Maintainability (MI)    93

 Segment     Used  Free
-----------  ----  ----
00000-00FFE     0  4096  
01000-01006     4  4  
01008-0FFFE   924  60508  
10000-1FFF6     0  65528  



