
ROM used: 412 (0%)
          416 (0%) including unused fragments

          0 Average locations per line
          16 Average locations per statement

RAM used: 29 (1%) at main() level
          29 (1%) worst case

Stack used: 0 worst case (out of 31 total available)

Lines Stmts  %   Files
----- ----- ---  -----
   64    26 100  matrix_led.c
   76     0   0  EMm47J53_StackConfig.h
  704     0   0  C:\Program Files (x86)\PICC\devices\18F47J53.h
----- -----
  844    26 Total

Page ROM  %  RAM   Vol Diff  Functions:
---- --- --- ---   --- ----  ----------
0    408  50   1   878  5.8  main

Program metrics:
    Functions               1
    Statements              26
    Comments                227
    Volume (V)              878
    Difficilty (D)          5.8
    Effort to implement (E) 5102
    Time to implement (T)   5 minutes
    Est Delivered Bugs (B)  0
    Cyclomatic Complexity   3
    Maintainability (MI)    33

 Segment     Used  Free
-----------  ----  ----
00000-00FFE     0  4096  
01000-01006     4  4  
01008-0FFFE   408  61024  
10000-1FFF6     0  65528  



