
ROM used: 164 (0%)
          168 (0%) including unused fragments

          0 Average locations per line
          20 Average locations per statement

RAM used: 5 (0%) at main() level
          6 (0%) worst case

Stack used: 1 worst case (out of 31 total available)

Lines Stmts  %   Files
----- ----- ---  -----
   40     8 100  prog_led.c
   76     0   0  EMm47J53_StackConfig.h
  704     0   0  C:\Program Files (x86)\PICC\devices\18F47J53.h
----- -----
  820     8 Total

Page ROM  %  RAM   Vol Diff  Functions:
---- --- --- ---   --- ----  ----------
0     42  13   1             @delay_ms1
0    118  36   0   117  3.2  main

Program metrics:
    Functions               1
    Statements              8
    Comments                230
    Volume (V)              119
    Difficilty (D)          2.9
    Effort to implement (E) 346
    Time to implement (T)   0 minutes
    Est Delivered Bugs (B)  0
    Cyclomatic Complexity   2
    Maintainability (MI)    62

 Segment     Used  Free
-----------  ----  ----
00000-00FFE     0  4096  
01000-01006     4  4  
01008-0FFFE   160  61272  
10000-1FFF6     0  65528  



