
ROM used: 2386 (2%)
          2390 (2%) including unused fragments

          1 Average locations per line
          4 Average locations per statement

RAM used: 1090 (29%) at main() level
          1116 (30%) worst case

Stack used: 3 worst case (out of 31 total available)

Lines Stmts  %   Files
----- ----- ---  -----
   74    21   4  timer1_ext.c
   76     0   0  EMm47J53_StackConfig.h
  704     0   0  C:\Program Files (x86)\PICC\devices\18F47J53.h
  404   132  23  GLCD_128x64_KS0108.c
  540   163  28  C:\Program Files (x86)\PICC\drivers\graphics.c
 2220   257  45  C:\Program Files (x86)\PICC\drivers\math.h
----- -----
 4018   573 Total

Page ROM  %  RAM   Vol Diff  Functions:
---- --- --- ---   --- ----  ----------
0     44   1   1             @delay_ms1
0    170   4   1   580  3.2  glcd_init
0    184   4   7   624  5.5  glcd_update
0    190   4   9   491  8.4  glcd_pixel
0     90   2  10   335  5.0  glcd_fillScreen
0    214   4   3  1551  3.4  glcd_writeByte
0    276   6   0             @const145
0    240   5   0             @const148
0    422   9  20  1595 11.3  glcd_text57
0    252   5   1   581  4.2  MAIN
0     32   1   1             @SPRINTF
0     44   1   3             @DIV88
0    224   5   6             @PRINTF_D_362

Program metrics:
    Functions               7
    Statements              573
    Comments                820
    Volume (V)              8189
    Difficilty (D)          40.0
    Effort to implement (E) 327855
    Time to implement (T)   5 hours, 4 minutes
    Est Delivered Bugs (B)  2
    Cyclomatic Complexity   28
    Maintainability (MI)    18

 Segment     Used  Free
-----------  ----  ----
00000-00FFE     0  4096  
01000-01006     4  4  
01008-0FFFE  2382  59050  
10000-1FFF6     0  65528  



