
ROM used: 2906 (2%)
          2910 (2%) including unused fragments

          1 Average locations per line
          5 Average locations per statement

RAM used: 1109 (29%) at main() level
          1135 (30%) worst case

Stack used: 4 worst case (out of 31 total available)

Lines Stmts  %   Files
----- ----- ---  -----
   98    38   6  timer2.c
   76     0   0  EMm47J53_StackConfig.h
  704     0   0  C:\Program Files (x86)\PICC\devices\18F47J53.h
  404   132  22  GLCD_128x64_KS0108.c
  540   163  28  C:\Program Files (x86)\PICC\drivers\graphics.c
 2220   257  44  C:\Program Files (x86)\PICC\drivers\math.h
----- -----
 4042   590 Total

Page ROM  %  RAM   Vol Diff  Functions:
---- --- --- ---   --- ----  ----------
0     44   1   1             @delay_ms1
0    170   3   1   580  3.2  glcd_init
0    184   3   7   624  5.5  glcd_update
0    190   3   9   491  8.4  glcd_pixel
0     90   2  10   335  5.0  glcd_fillScreen
0    214   4   3  1551  3.4  glcd_writeByte
0    276   5   0             @const140
0    240   4   0             @const143
0    420   7  20  1595 11.3  glcd_text57
0    352   6   1   939  3.8  MAIN
0     32   1   1             @SPRINTF
0     44   1   3             @DIV88
0    222   4   6             @PRINTF_D_357
0    190   3   9             @PRINTF_LU_357
0     52   1   0   214  3.6  interr_TIMER2

Program metrics:
    Functions               8
    Statements              590
    Comments                820
    Volume (V)              9168
    Difficilty (D)          43.3
    Effort to implement (E) 396756
    Time to implement (T)   6 hours, 7 minutes
    Est Delivered Bugs (B)  2
    Cyclomatic Complexity   30
    Maintainability (MI)    65

 Segment     Used  Free
-----------  ----  ----
00000-00FFE     0  4096  
01000-01006     4  4  
01008-010BC   182  0  
010BE-0FFFE  2720  58530  
10000-1FFF6     0  65528  



